2025-07-12 16:36:51,139 [INFO] Activator:176 - 


2025-07-12 16:36:51,140 [INFO] Activator:177 - !SESSION log4j initialized
2025-07-12 16:36:53,498 [INFO] LogOutputStream:77 - [STDOUT_REDIRECT] 
2025-07-12 16:37:00,201 [INFO] ApplicationProperties:184 - Using Application install path: C:\ST\STM32CubeIDE_1.18.1\STM32CubeIDE\plugins\com.st.stm32cube.common.mx_6.15.0.202507011659
2025-07-12 16:37:00,220 [INFO] DbMcusXml:78 - Set database path to: C:\ST\STM32CubeIDE_1.18.1\STM32CubeIDE\plugins\com.st.stm32cube.common.mx_6.15.0.202507011659\\db\/mcu/
2025-07-12 16:37:00,221 [INFO] ApiDb:274 - Set plugin database path to: C:\ST\STM32CubeIDE_1.18.1\STM32CubeIDE\plugins\com.st.stm32cube.common.mx_6.15.0.202507011659\\db\/plugins/boardmanager/
2025-07-12 16:37:00,222 [WARN] ApiDb:259 - Overriding images path with different value:  => C:\ST\STM32CubeIDE_1.18.1\STM32CubeIDE\plugins\com.st.stm32cube.common.mx_6.15.0.202507011659\\db\/plugins/mcufinder/images/
2025-07-12 16:37:00,227 [INFO] ApiDb:250 - Set database path to: C:\Users\nithi\.stmcufinder\plugins\mcufinder//mcu/
2025-07-12 16:37:00,229 [INFO] DbMcusAds:125 - Set database path to: C:\Users\nithi\.stmcufinder\plugins\mcufinder//mcu/
2025-07-12 16:37:00,231 [INFO] CrossReferenceDbSqlite:203 - Set database path to: C:\Users\nithi\.stmcufinder\plugins\mcufinder//mcu/cs/
2025-07-12 16:37:00,349 [INFO] RulesReader:64 - Compatibility file has been processed (317 Rules)
2025-07-12 16:37:00,440 [INFO] DbMcusXml:78 - Set database path to: C:\ST\STM32CubeIDE_1.18.1\STM32CubeIDE\plugins\com.st.stm32cube.common.mx_6.15.0.202507011659\\db\/mcu/
2025-07-12 16:37:00,441 [INFO] ApiDb:274 - Set plugin database path to: C:\ST\STM32CubeIDE_1.18.1\STM32CubeIDE\plugins\com.st.stm32cube.common.mx_6.15.0.202507011659\\db\/plugins/boardmanager/
2025-07-12 16:37:00,441 [INFO] ApiDb:261 - Set plugin images path to: C:\ST\STM32CubeIDE_1.18.1\STM32CubeIDE\plugins\com.st.stm32cube.common.mx_6.15.0.202507011659\\db\/plugins/mcufinder/images/
2025-07-12 16:37:00,441 [WARN] DbFile:41 - Overriding database path with different value: C:\Users\nithi\.stmcufinder\plugins\mcufinder/ => C:\Users\nithi\.stmcufinder\plugins\mcufinder
2025-07-12 16:37:00,441 [INFO] ApiDb:250 - Set database path to: C:\Users\nithi\.stmcufinder\plugins\mcufinder//mcu/
2025-07-12 16:37:00,442 [WARN] DbFile:41 - Overriding database path with different value: C:\Users\nithi\.stmcufinder\plugins\mcufinder/ => C:\Users\nithi\.stmcufinder\plugins\mcufinder
2025-07-12 16:37:00,442 [INFO] DbMcusAds:125 - Set database path to: C:\Users\nithi\.stmcufinder\plugins\mcufinder//mcu/
2025-07-12 16:37:00,442 [WARN] DbFile:41 - Overriding database path with different value: C:\Users\nithi\.stmcufinder\plugins\mcufinder/ => C:\Users\nithi\.stmcufinder\plugins\mcufinder
2025-07-12 16:37:00,442 [WARN] DbFile:41 - Overriding database path with different value: C:\Users\nithi\.stmcufinder\plugins\mcufinder/ => C:\Users\nithi\.stmcufinder\plugins\mcufinder
2025-07-12 16:37:00,442 [INFO] CrossReferenceDbSqlite:203 - Set database path to: C:\Users\nithi\.stmcufinder\plugins\mcufinder//mcu/cs/
2025-07-12 16:37:00,509 [INFO] MainPanel:274 - HeapMemory: 268435456
2025-07-12 16:37:00,594 [INFO] DbMcusXml:78 - Set database path to: C:\ST\STM32CubeIDE_1.18.1\STM32CubeIDE\plugins\com.st.stm32cube.common.mx_6.15.0.202507011659\\db\/mcu/
2025-07-12 16:37:00,594 [INFO] ApiDb:274 - Set plugin database path to: C:\ST\STM32CubeIDE_1.18.1\STM32CubeIDE\plugins\com.st.stm32cube.common.mx_6.15.0.202507011659\\db\/plugins/boardmanager/
2025-07-12 16:37:00,594 [INFO] ApiDb:261 - Set plugin images path to: C:\ST\STM32CubeIDE_1.18.1\STM32CubeIDE\plugins\com.st.stm32cube.common.mx_6.15.0.202507011659\\db\/plugins/mcufinder/images/
2025-07-12 16:37:00,594 [WARN] DbFile:41 - Overriding database path with different value: C:\Users\nithi\.stmcufinder\plugins\mcufinder/ => C:\Users\nithi\.stmcufinder\plugins\mcufinder
2025-07-12 16:37:00,594 [INFO] ApiDb:250 - Set database path to: C:\Users\nithi\.stmcufinder\plugins\mcufinder//mcu/
2025-07-12 16:37:00,594 [WARN] DbFile:41 - Overriding database path with different value: C:\Users\nithi\.stmcufinder\plugins\mcufinder/ => C:\Users\nithi\.stmcufinder\plugins\mcufinder
2025-07-12 16:37:00,594 [INFO] DbMcusAds:125 - Set database path to: C:\Users\nithi\.stmcufinder\plugins\mcufinder//mcu/
2025-07-12 16:37:00,595 [WARN] DbFile:41 - Overriding database path with different value: C:\Users\nithi\.stmcufinder\plugins\mcufinder/ => C:\Users\nithi\.stmcufinder\plugins\mcufinder
2025-07-12 16:37:00,595 [WARN] DbFile:41 - Overriding database path with different value: C:\Users\nithi\.stmcufinder\plugins\mcufinder/ => C:\Users\nithi\.stmcufinder\plugins\mcufinder
2025-07-12 16:37:00,595 [INFO] CrossReferenceDbSqlite:203 - Set database path to: C:\Users\nithi\.stmcufinder\plugins\mcufinder//mcu/cs/
2025-07-12 16:37:00,628 [INFO] ApplicationProperties:184 - Using Application install path: C:\ST\STM32CubeIDE_1.18.1\STM32CubeIDE\plugins\com.st.stm32cube.common.mx_6.15.0.202507011659
2025-07-12 16:37:00,630 [INFO] PluginManage:196 - Search for loadable plugins [exclusion list=, ]
2025-07-12 16:37:00,631 [INFO] PluginManage:310 - Check plugin analytics
2025-07-12 16:37:05,799 [INFO] AnalyticsPlugin:253 - Accepted Software Licenses: 
2025-07-12 16:37:05,799 [INFO] AnalyticsPlugin:255 - Accepted CMSIS Pack Licenses: 
2025-07-12 16:37:05,799 [INFO] AnalyticsPlugin:257 - Accepted Firmware Licenses: 
2025-07-12 16:37:05,802 [INFO] PluginManage:359 - Loaded plugin analytics (category:tool,tabindex:-1)
2025-07-12 16:37:05,802 [INFO] PluginManage:310 - Check plugin cadmodel
2025-07-12 16:37:05,806 [INFO] CADModel:105 - Init CAD model plugin
2025-07-12 16:37:05,806 [INFO] PluginManage:359 - Loaded plugin cadmodel (category:power,tabindex:5)
2025-07-12 16:37:05,806 [INFO] PluginManage:310 - Check plugin clock
2025-07-12 16:37:05,815 [INFO] PluginManage:359 - Loaded plugin clock (category:base,tabindex:2)
2025-07-12 16:37:05,815 [INFO] PluginManage:310 - Check plugin ddr
2025-07-12 16:37:05,817 [INFO] PluginManage:359 - Loaded plugin ddr (category:tool,tabindex:6)
2025-07-12 16:37:05,817 [INFO] PluginManage:310 - Check plugin filemanager
2025-07-12 16:37:05,948 [INFO] PluginManage:359 - Loaded plugin filemanager (category:base,tabindex:10)
2025-07-12 16:37:05,948 [INFO] PluginManage:310 - Check plugin ipmanager
2025-07-12 16:37:05,954 [INFO] PluginManage:359 - Loaded plugin ipmanager (category:base,tabindex:5)
2025-07-12 16:37:05,954 [INFO] PluginManage:310 - Check plugin lpbam
2025-07-12 16:37:05,961 [INFO] PluginManage:359 - Loaded plugin lpbam (category:base,tabindex:0)
2025-07-12 16:37:05,961 [INFO] PluginManage:310 - Check plugin memorymap
2025-07-12 16:37:05,975 [INFO] PluginManage:359 - Loaded plugin memorymap (category:base,tabindex:4)
2025-07-12 16:37:05,975 [INFO] PluginManage:310 - Check plugin pinoutandconfiguration
2025-07-12 16:37:05,986 [INFO] PluginManage:359 - Loaded plugin pinoutandconfiguration (category:base,tabindex:1)
2025-07-12 16:37:05,986 [INFO] PluginManage:310 - Check plugin pinoutconfig
2025-07-12 16:37:06,075 [WARN] SupportedApi:132 - Cannot load RTOS API schema: s4s-elt-must-match.1: The content of 'definitions' must match (annotation?, (simpleType | complexType)?, (unique | key | keyref)*)). A problem was found starting at: attribute.
2025-07-12 16:37:06,223 [INFO] PluginManage:359 - Loaded plugin pinoutconfig (category:base,tabindex:0)
2025-07-12 16:37:06,224 [INFO] PluginManage:310 - Check plugin power
2025-07-12 16:37:06,232 [INFO] PluginManage:359 - Loaded plugin power (category:power,tabindex:4)
2025-07-12 16:37:06,232 [INFO] PluginManage:310 - Check plugin projectmanager
2025-07-12 16:37:06,249 [INFO] PluginManage:359 - Loaded plugin projectmanager (category:projectmanager,tabindex:4)
2025-07-12 16:37:06,250 [INFO] PluginManage:310 - Check plugin rif
2025-07-12 16:37:06,257 [INFO] PluginManage:359 - Loaded plugin rif (category:base,tabindex:3)
2025-07-12 16:37:06,257 [INFO] PluginManage:310 - Check plugin thirdparty
2025-07-12 16:37:06,383 [INFO] PluginManage:359 - Loaded plugin thirdparty (category:base,tabindex:-1)
2025-07-12 16:37:06,383 [INFO] PluginManage:310 - Check plugin tools
2025-07-12 16:37:06,383 [WARN] IntegrityCheckThread:84 - waiting for thirdparty lock release [integrity check]
2025-07-12 16:37:06,383 [INFO] IntegrityCheckThread:86 - entering critical section [integrity check]
2025-07-12 16:37:06,384 [INFO] ThirdPartyUpdaterWithRetryManager:70 - Updater plugin not ready yet. [1/15]
2025-07-12 16:37:06,388 [INFO] PluginManage:359 - Loaded plugin tools (category:base,tabindex:7)
2025-07-12 16:37:06,388 [INFO] PluginManage:310 - Check plugin tutovideos
2025-07-12 16:37:06,599 [INFO] PluginManage:359 - Loaded plugin tutovideos (category:base,tabindex:-1)
2025-07-12 16:37:06,599 [INFO] PluginManage:310 - Check plugin updater
2025-07-12 16:37:06,620 [INFO] PluginManage:359 - Loaded plugin updater (category:base,tabindex:12)
2025-07-12 16:37:06,621 [INFO] PluginManage:310 - Check plugin userauth
2025-07-12 16:37:06,625 [INFO] UserAuth:118 - Init User Auth plugin
2025-07-12 16:37:06,626 [INFO] PluginManage:359 - Loaded plugin userauth (category:base,tabindex:14)
2025-07-12 16:37:06,627 [INFO] PluginManage:283 - PluginManage : Loaded plugins [18]
2025-07-12 16:37:06,829 [INFO] PinOutPanel:1589 - setPackage(No Configuration,No Configuration)
2025-07-12 16:37:06,914 [INFO] CADModel:165 - CPN selected for project level
2025-07-12 16:37:06,914 [INFO] CADModel:114 - Register for checkConnection events
2025-07-12 16:37:06,929 [INFO] IPUIPlugin:80 - create IPUIPlugin
2025-07-12 16:37:06,929 [INFO] PluginManager:220 - loadIPPluginJar : add adc
2025-07-12 16:37:06,932 [INFO] IPUIPlugin:80 - create IPUIPlugin
2025-07-12 16:37:06,932 [INFO] PluginManager:220 - loadIPPluginJar : add aes
2025-07-12 16:37:06,934 [INFO] IPUIPlugin:80 - create IPUIPlugin
2025-07-12 16:37:06,934 [INFO] PluginManager:220 - loadIPPluginJar : add can
2025-07-12 16:37:06,935 [INFO] IPUIPlugin:80 - create IPUIPlugin
2025-07-12 16:37:06,935 [INFO] PluginManager:220 - loadIPPluginJar : add comp
2025-07-12 16:37:06,937 [INFO] IPUIPlugin:80 - create IPUIPlugin
2025-07-12 16:37:06,937 [INFO] PluginManager:220 - loadIPPluginJar : add cryp
2025-07-12 16:37:06,940 [INFO] IPUIPlugin:80 - create IPUIPlugin
2025-07-12 16:37:06,940 [INFO] PluginManager:220 - loadIPPluginJar : add ddr_ctrl_phy
2025-07-12 16:37:06,942 [INFO] IPUIPlugin:80 - create IPUIPlugin
2025-07-12 16:37:06,942 [INFO] PluginManager:220 - loadIPPluginJar : add dfsdm
2025-07-12 16:37:06,947 [INFO] IPUIPlugin:80 - create IPUIPlugin
2025-07-12 16:37:06,948 [INFO] PluginManager:220 - loadIPPluginJar : add dma
2025-07-12 16:37:06,950 [INFO] IPUIPlugin:80 - create IPUIPlugin
2025-07-12 16:37:06,950 [INFO] PluginManager:220 - loadIPPluginJar : add dma3
2025-07-12 16:37:06,952 [INFO] IPUIPlugin:80 - create IPUIPlugin
2025-07-12 16:37:06,953 [INFO] PluginManager:220 - loadIPPluginJar : add extmemmanager
2025-07-12 16:37:06,954 [INFO] IPUIPlugin:80 - create IPUIPlugin
2025-07-12 16:37:06,954 [INFO] PluginManager:220 - loadIPPluginJar : add fatfs
2025-07-12 16:37:06,958 [INFO] IPUIPlugin:80 - create IPUIPlugin
2025-07-12 16:37:06,958 [INFO] PluginManager:220 - loadIPPluginJar : add fmc
2025-07-12 16:37:06,963 [INFO] IPUIPlugin:80 - create IPUIPlugin
2025-07-12 16:37:06,963 [INFO] PluginManager:220 - loadIPPluginJar : add freertos
2025-07-12 16:37:06,964 [INFO] IPUIPlugin:80 - create IPUIPlugin
2025-07-12 16:37:06,965 [INFO] PluginManager:220 - loadIPPluginJar : add genericplugin
2025-07-12 16:37:06,966 [INFO] IPUIPlugin:80 - create IPUIPlugin
2025-07-12 16:37:06,967 [INFO] PluginManager:220 - loadIPPluginJar : add gfxmmu
2025-07-12 16:37:06,971 [INFO] IPUIPlugin:80 - create IPUIPlugin
2025-07-12 16:37:06,971 [INFO] PluginManager:220 - loadIPPluginJar : add gic
2025-07-12 16:37:06,974 [INFO] IPUIPlugin:80 - create IPUIPlugin
2025-07-12 16:37:06,975 [INFO] PluginManager:220 - loadIPPluginJar : add gpio
2025-07-12 16:37:06,977 [INFO] IPUIPlugin:80 - create IPUIPlugin
2025-07-12 16:37:06,977 [INFO] PluginManager:220 - loadIPPluginJar : add gtzc
2025-07-12 16:37:06,980 [INFO] IPUIPlugin:80 - create IPUIPlugin
2025-07-12 16:37:06,980 [INFO] PluginManager:220 - loadIPPluginJar : add hash
2025-07-12 16:37:06,983 [INFO] IPUIPlugin:80 - create IPUIPlugin
2025-07-12 16:37:06,983 [INFO] PluginManager:220 - loadIPPluginJar : add i2c
2025-07-12 16:37:06,986 [INFO] IPUIPlugin:80 - create IPUIPlugin
2025-07-12 16:37:06,986 [INFO] PluginManager:220 - loadIPPluginJar : add i2s
2025-07-12 16:37:06,989 [INFO] IPUIPlugin:80 - create IPUIPlugin
2025-07-12 16:37:06,989 [INFO] PluginManager:220 - loadIPPluginJar : add i3c
2025-07-12 16:37:06,992 [INFO] IPUIPlugin:80 - create IPUIPlugin
2025-07-12 16:37:06,992 [INFO] PluginManager:220 - loadIPPluginJar : add ipddr
2025-07-12 16:37:06,998 [INFO] IPUIPlugin:80 - create IPUIPlugin
2025-07-12 16:37:06,999 [INFO] PluginManager:220 - loadIPPluginJar : add linkedlist
2025-07-12 16:37:07,001 [INFO] IPUIPlugin:80 - create IPUIPlugin
2025-07-12 16:37:07,001 [INFO] PluginManager:220 - loadIPPluginJar : add lorawan
2025-07-12 16:37:07,003 [INFO] IPUIPlugin:80 - create IPUIPlugin
2025-07-12 16:37:07,003 [INFO] PluginManager:220 - loadIPPluginJar : add ltdc
2025-07-12 16:37:07,008 [INFO] IPUIPlugin:80 - create IPUIPlugin
2025-07-12 16:37:07,008 [INFO] PluginManager:220 - loadIPPluginJar : add mdma
2025-07-12 16:37:07,011 [INFO] IPUIPlugin:80 - create IPUIPlugin
2025-07-12 16:37:07,012 [INFO] PluginManager:220 - loadIPPluginJar : add nvic
2025-07-12 16:37:07,015 [INFO] IPUIPlugin:80 - create IPUIPlugin
2025-07-12 16:37:07,015 [INFO] PluginManager:220 - loadIPPluginJar : add opamp
2025-07-12 16:37:07,018 [INFO] IPUIPlugin:80 - create IPUIPlugin
2025-07-12 16:37:07,018 [INFO] PluginManager:220 - loadIPPluginJar : add openamp
2025-07-12 16:37:07,020 [INFO] IPUIPlugin:80 - create IPUIPlugin
2025-07-12 16:37:07,020 [INFO] PluginManager:220 - loadIPPluginJar : add pdm2pcm
2025-07-12 16:37:07,025 [INFO] IPUIPlugin:80 - create IPUIPlugin
2025-07-12 16:37:07,027 [INFO] PluginManager:220 - loadIPPluginJar : add plateformsettings
2025-07-12 16:37:07,029 [INFO] IPUIPlugin:80 - create IPUIPlugin
2025-07-12 16:37:07,029 [INFO] PluginManager:220 - loadIPPluginJar : add quadspi
2025-07-12 16:37:07,030 [INFO] IPUIPlugin:80 - create IPUIPlugin
2025-07-12 16:37:07,031 [INFO] PluginManager:220 - loadIPPluginJar : add radio
2025-07-12 16:37:07,033 [INFO] IPUIPlugin:80 - create IPUIPlugin
2025-07-12 16:37:07,033 [INFO] PluginManager:220 - loadIPPluginJar : add resmgrutility
2025-07-12 16:37:07,036 [INFO] IPUIPlugin:80 - create IPUIPlugin
2025-07-12 16:37:07,036 [INFO] PluginManager:220 - loadIPPluginJar : add sai
2025-07-12 16:37:07,038 [INFO] IPUIPlugin:80 - create IPUIPlugin
2025-07-12 16:37:07,038 [INFO] PluginManager:220 - loadIPPluginJar : add spi
2025-07-12 16:37:07,043 [INFO] IPUIPlugin:80 - create IPUIPlugin
2025-07-12 16:37:07,043 [INFO] PluginManager:220 - loadIPPluginJar : add stm32_wpan
2025-07-12 16:37:07,045 [INFO] IPUIPlugin:80 - create IPUIPlugin
2025-07-12 16:37:07,046 [INFO] PluginManager:220 - loadIPPluginJar : add tim
2025-07-12 16:37:07,048 [INFO] IPUIPlugin:80 - create IPUIPlugin
2025-07-12 16:37:07,049 [INFO] PluginManager:220 - loadIPPluginJar : add touchsensing
2025-07-12 16:37:07,050 [INFO] IPUIPlugin:80 - create IPUIPlugin
2025-07-12 16:37:07,050 [INFO] PluginManager:220 - loadIPPluginJar : add tracer_emb
2025-07-12 16:37:07,052 [INFO] IPUIPlugin:80 - create IPUIPlugin
2025-07-12 16:37:07,052 [INFO] PluginManager:220 - loadIPPluginJar : add ts
2025-07-12 16:37:07,053 [INFO] IPUIPlugin:80 - create IPUIPlugin
2025-07-12 16:37:07,054 [INFO] PluginManager:220 - loadIPPluginJar : add tsc
2025-07-12 16:37:07,055 [INFO] IPUIPlugin:80 - create IPUIPlugin
2025-07-12 16:37:07,055 [INFO] PluginManager:220 - loadIPPluginJar : add ucpd
2025-07-12 16:37:07,058 [INFO] IPUIPlugin:80 - create IPUIPlugin
2025-07-12 16:37:07,058 [INFO] PluginManager:220 - loadIPPluginJar : add usart
2025-07-12 16:37:07,060 [INFO] IPUIPlugin:80 - create IPUIPlugin
2025-07-12 16:37:07,060 [INFO] PluginManager:220 - loadIPPluginJar : add usbx
2025-07-12 16:37:07,193 [FATAL] Updater:351 - Updater called before beeing initialized
2025-07-12 16:37:07,226 [INFO] RulesReader:64 - Compatibility file has been processed (317 Rules)
2025-07-12 16:37:07,242 [INFO] RulesReader:64 - Compatibility file has been processed (317 Rules)
2025-07-12 16:37:07,253 [INFO] CADModel:165 - CPN selected for project level
2025-07-12 16:37:07,253 [INFO] CADModel:114 - Register for checkConnection events
2025-07-12 16:37:07,253 [FATAL] Updater:351 - Updater called before beeing initialized
2025-07-12 16:37:07,254 [ERROR] CADModel:125 - Updater not yet initialized, retry later 
2025-07-12 16:37:07,403 [FATAL] Updater:351 - Updater called before beeing initialized
2025-07-12 16:37:07,406 [INFO] CADModel:165 - CPN selected for project level
2025-07-12 16:37:07,407 [INFO] CADModel:114 - Register for checkConnection events
2025-07-12 16:37:07,407 [FATAL] Updater:351 - Updater called before beeing initialized
2025-07-12 16:37:07,407 [ERROR] CADModel:125 - Updater not yet initialized, retry later 
2025-07-12 16:37:07,411 [FATAL] Updater:351 - Updater called before beeing initialized
2025-07-12 16:37:07,515 [FATAL] Updater:351 - Updater called before beeing initialized
2025-07-12 16:37:07,519 [INFO] DbMcusAds:53 - JSON generation date=Thu Jun 19 14:02:37 IST 2025 (1750321957418)
2025-07-12 16:37:07,519 [FATAL] Updater:351 - Updater called before beeing initialized
2025-07-12 16:37:07,550 [WARN] DetailPanel:346 - Failed to get advertising image, set to default
2025-07-12 16:37:07,632 [FATAL] Updater:351 - Updater called before beeing initialized
2025-07-12 16:37:07,634 [FATAL] Updater:351 - Updater called before beeing initialized
2025-07-12 16:37:07,634 [FATAL] Updater:351 - Updater called before beeing initialized
2025-07-12 16:37:07,634 [WARN] DetailPanel:346 - Failed to get advertising image, set to default
2025-07-12 16:37:07,635 [FATAL] Updater:351 - Updater called before beeing initialized
2025-07-12 16:37:07,673 [ERROR] Updater:1198 - MainUpdater not yet initialized. External WinMGr cannot be set.
2025-07-12 16:37:07,676 [INFO] Updater:1134 - Updater Version found : 6.15.0
2025-07-12 16:37:07,698 [INFO] ApplicationProperties:184 - Using Application install path: C:\ST\STM32CubeIDE_1.18.1\STM32CubeIDE\plugins\com.st.stm32cube.common.mx_6.15.0.202507011659
2025-07-12 16:37:09,272 [ERROR] LogOutputStream:75 - [STDERR_REDIRECT] Jul 12, 2025 4:37:09 PM java.util.prefs.WindowsPreferences <init>
2025-07-12 16:37:09,275 [ERROR] LogOutputStream:75 - [STDERR_REDIRECT] WARNING: Could not open/create prefs root node Software\JavaSoft\Prefs at root 0xffffffff80000002. Windows RegCreateKeyEx(...) returned error code 5.
2025-07-12 16:37:09,276 [ERROR] LogOutputStream:75 - [STDERR_REDIRECT] 
2025-07-12 16:37:09,386 [INFO] ThirdPartyUpdaterWithRetryManager:70 - Updater plugin not ready yet. [2/15]
2025-07-12 16:37:09,648 [INFO] MainUpdater:2872 - connection check result : 10
2025-07-12 16:37:09,649 [INFO] MainUpdater:289 - Updater Check For Update Now.
2025-07-12 16:37:09,649 [INFO] MicroXplorer:498 - Change Database Version : DB.6.0.150
2025-07-12 16:37:09,668 [INFO] McuFinderGlobals:63 - Set McuFinder mode to 2 (CubeIDE integrated)
2025-07-12 16:37:09,669 [INFO] UserAuth:171 - activating auth plugin
2025-07-12 16:37:09,674 [INFO] UserAuth:487 - Internet connection configuration mode: 1
2025-07-12 16:37:09,715 [INFO] JxBrowserEngine:152 - Initiate JxBrowser Engine with user profile folder
2025-07-12 16:37:09,880 [INFO] CheckServerUpdateThread:120 - End of CheckServer Thread
2025-07-12 16:37:10,473 [INFO] WebApp:169 - Instantiating new browser for Auth
2025-07-12 16:37:11,227 [INFO] WebApp:463 - Apply proxy settings
2025-07-12 16:37:11,227 [INFO] WebApp:548 - Chromium requires no authentication
2025-07-12 16:37:11,235 [INFO] WebApp:491 - Direct internet connection detected
2025-07-12 16:37:11,256 [INFO] WebApp:900 - Register for checkConnection events
2025-07-12 16:37:11,256 [INFO] WebApp:463 - Apply proxy settings
2025-07-12 16:37:11,256 [INFO] WebApp:548 - Chromium requires no authentication
2025-07-12 16:37:11,257 [INFO] WebApp:491 - Direct internet connection detected
2025-07-12 16:37:11,441 [INFO] WebApp:225 - Starting web application
2025-07-12 16:37:11,441 [INFO] WebApp:593 - Web application path used C:\ST\STM32CubeIDE_1.18.1\STM32CubeIDE\plugins\com.st.stm32cube.common.mx_6.15.0.202507011659\db\plugins\mcufinder\reactClient1\index.html
2025-07-12 16:37:11,708 [INFO] WebApp:191 - Connection restablished
2025-07-12 16:37:12,657 [WARN] PackLoader:240 - Cannot read IP mode file for STMicroelectronics.FP-SNS-MOTENVWB1.1.4.0
2025-07-12 16:37:12,667 [WARN] PackLoader:240 - Cannot read IP mode file for STMicroelectronics.FP-ATR-ASTRA1.2.0.2
2025-07-12 16:37:12,680 [WARN] PackLoader:240 - Cannot read IP mode file for STMicroelectronics.X-CUBE-SMBUS.2.1.0
2025-07-12 16:37:12,686 [WARN] PackLoader:240 - Cannot read IP mode file for STMicroelectronics.X-CUBE-ST60.1.0.0
2025-07-12 16:37:12,725 [WARN] PackLoader:240 - Cannot read IP mode file for STMicroelectronics.X-CUBE-AZRTOS-F7.1.1.0
2025-07-12 16:37:12,760 [WARN] PackLoader:240 - Cannot read IP mode file for Infineon.AIROC-Wi-Fi-Bluetooth-STM32.1.7.0
2025-07-12 16:37:12,793 [WARN] PackLoader:240 - Cannot read IP mode file for STMicroelectronics.X-CUBE-AZRTOS-H7.3.4.0
2025-07-12 16:37:12,808 [WARN] PackLoader:240 - Cannot read IP mode file for STMicroelectronics.X-CUBE-DISPLAY.3.0.0
2025-07-12 16:37:12,820 [WARN] PackLoader:240 - Cannot read IP mode file for STMicroelectronics.X-CUBE-NFC10.1.0.0
2025-07-12 16:37:12,832 [WARN] PackLoader:240 - Cannot read IP mode file for STMicroelectronics.X-CUBE-BLEMGR.4.0.0
2025-07-12 16:37:12,839 [WARN] PackLoader:240 - Cannot read IP mode file for emotas.I-CUBE-CANOPEN.1.3.0
2025-07-12 16:37:12,843 [WARN] ConditionMgr:438 - getConditionDescription Invalid condition id : Cortex-A Device cause : null
2025-07-12 16:37:12,856 [WARN] ConditionMgr:1044 - genDependencies : Invalid condition id : Cortex-A Device cause : null
2025-07-12 16:37:12,856 [WARN] ConditionMgr:1044 - genDependencies : Invalid condition id : Cortex-A Device cause : null
2025-07-12 16:37:12,856 [WARN] ConditionMgr:1044 - genDependencies : Invalid condition id : Cortex-A Device cause : null
2025-07-12 16:37:12,860 [WARN] PackLoader:240 - Cannot read IP mode file for STMicroelectronics.X-CUBE-AI.10.0.0
2025-07-12 16:37:12,864 [WARN] PackLoader:240 - Cannot read IP mode file for STMicroelectronics.FP-SNS-SMARTAG2.1.2.0
2025-07-12 16:37:12,868 [WARN] PackLoader:240 - Cannot read IP mode file for STMicroelectronics.FP-SNS-FLIGHT1.5.1.0
2025-07-12 16:37:12,876 [INFO] LogOutputStream:77 - [STDOUT_REDIRECT] 1 : Invalid condition id : UX_CORESTACK_Condition cause : null
2025-07-12 16:37:12,877 [INFO] LogOutputStream:77 - [STDOUT_REDIRECT] 1 : Invalid condition id : UX_CORESTACK_Condition cause : null
2025-07-12 16:37:12,878 [INFO] LogOutputStream:77 - [STDOUT_REDIRECT] 1 : Invalid condition id : UX_CORESTACK_Condition cause : null
2025-07-12 16:37:12,880 [INFO] LogOutputStream:77 - [STDOUT_REDIRECT] 1 : Invalid condition id : UX_CORESTACK_Condition cause : null
2025-07-12 16:37:12,881 [INFO] LogOutputStream:77 - [STDOUT_REDIRECT] 1 : Invalid condition id : UX_CORESTACK_Condition cause : null
2025-07-12 16:37:12,883 [WARN] PackLoader:240 - Cannot read IP mode file for STMicroelectronics.X-CUBE-AZRTOS-WL.2.0.0
2025-07-12 16:37:12,889 [WARN] PackLoader:240 - Cannot read IP mode file for STMicroelectronics.FP-SNS-MOTENV1.5.0.0
2025-07-12 16:37:12,904 [WARN] PackLoader:240 - Cannot read IP mode file for WES.I-CUBE-Cesium.1.3.0
2025-07-12 16:37:12,910 [WARN] PackLoader:240 - Cannot read IP mode file for STMicroelectronics.X-CUBE-BLE2.3.3.0
2025-07-12 16:37:12,918 [WARN] PackLoader:240 - Cannot read IP mode file for STMicroelectronics.X-CUBE-NFC9.1.0.0
2025-07-12 16:37:12,925 [WARN] PackLoader:240 - Cannot read IP mode file for wolfSSL.I-CUBE-wolfSSL.5.8.0
2025-07-12 16:37:12,929 [WARN] PackLoader:240 - Cannot read IP mode file for STMicroelectronics.X-CUBE-BLE1.7.1.0
2025-07-12 16:37:12,933 [WARN] PackLoader:240 - Cannot read IP mode file for wolfSSL.I-CUBE-wolfMQTT.1.19.2
2025-07-12 16:37:12,937 [WARN] PackLoader:240 - Cannot read IP mode file for STMicroelectronics.X-CUBE-AI.10.1.0
2025-07-12 16:37:12,972 [WARN] PackLoader:240 - Cannot read IP mode file for STMicroelectronics.X-CUBE-MEMS1.11.2.0
2025-07-12 16:37:13,094 [WARN] PackLoader:240 - Cannot read IP mode file for STMicroelectronics.X-CUBE-AZRTOS-G0.1.1.0
2025-07-12 16:37:13,101 [WARN] PackLoader:240 - Cannot read IP mode file for STMicroelectronics.X-CUBE-SAFEA1.1.2.2
2025-07-12 16:37:13,106 [WARN] PackLoader:240 - Cannot read IP mode file for STMicroelectronics.X-CUBE-NFC4.3.0.0
2025-07-12 16:37:13,112 [WARN] PackLoader:240 - Cannot read IP mode file for EmbeddedOffice.I-CUBE-FS-RTOS.1.0.1
2025-07-12 16:37:13,117 [WARN] PackLoader:240 - Cannot read IP mode file for STMicroelectronics.X-CUBE-WB05N.2.0.0
2025-07-12 16:37:13,120 [WARN] PackLoader:240 - Cannot read IP mode file for wolfSSL.I-CUBE-wolfTPM.3.8.0
2025-07-12 16:37:13,125 [WARN] PackLoader:240 - Cannot read IP mode file for STMicroelectronics.X-CUBE-TCPP.4.2.0
2025-07-12 16:37:13,130 [WARN] PackLoader:240 - Cannot read IP mode file for RealThread.X-CUBE-RT-Thread_Nano.4.1.1
2025-07-12 16:37:13,142 [WARN] PackLoader:240 - Cannot read IP mode file for STMicroelectronics.FP-ATR-SIGFOX1.3.2.0
2025-07-12 16:37:13,149 [WARN] PackLoader:240 - Cannot read IP mode file for STMicroelectronics.X-CUBE-EEPRMA1.5.1.0
2025-07-12 16:37:13,159 [WARN] PackLoader:240 - Cannot read IP mode file for ITTIA_DB.I-CUBE-ITTIADB.8.9.0
2025-07-12 16:37:13,167 [WARN] PackLoader:240 - Cannot read IP mode file for STMicroelectronics.X-CUBE-ST67W61.1.0.0
2025-07-12 16:37:13,219 [WARN] PackLoader:240 - Cannot read IP mode file for SEGGER.I-CUBE-embOS.1.3.1
2025-07-12 16:37:13,274 [WARN] PackLoader:240 - Cannot read IP mode file for STMicroelectronics.X-CUBE-ALGOBUILD.1.4.0
2025-07-12 16:37:13,310 [WARN] PackLoader:240 - Cannot read IP mode file for STMicroelectronics.X-CUBE-MEMS1.11.3.0
2025-07-12 16:37:13,473 [WARN] PackLoader:240 - Cannot read IP mode file for STMicroelectronics.X-CUBE-PM33A1.1.0.0
2025-07-12 16:37:13,484 [WARN] PackLoader:240 - Cannot read IP mode file for STMicroelectronics.X-CUBE-AZRTOS-F4.1.1.0
2025-07-12 16:37:13,491 [WARN] PackLoader:240 - Cannot read IP mode file for Avnet-IotConnect.X-CUBE-IoTC-DA16k-PMOD.1.0.0
2025-07-12 16:37:13,496 [WARN] PackLoader:240 - Cannot read IP mode file for STMicroelectronics.X-CUBE-ISPU.2.1.0
2025-07-12 16:37:13,501 [WARN] PackLoader:240 - Cannot read IP mode file for STMicroelectronics.X-CUBE-NFC12.1.0.0
2025-07-12 16:37:13,516 [WARN] PackLoader:240 - Cannot read IP mode file for STMicroelectronics.X-CUBE-AZRTOS-L5.2.0.0
2025-07-12 16:37:13,523 [WARN] PackLoader:240 - Cannot read IP mode file for STMicroelectronics.X-CUBE-NFC6.3.1.0
2025-07-12 16:37:13,527 [WARN] PackLoader:240 - Cannot read IP mode file for STMicroelectronics.X-CUBE-FREERTOS.1.3.1
2025-07-12 16:37:13,532 [WARN] PackLoader:240 - Cannot read IP mode file for STMicroelectronics.FP-SNS-STAIOTCFT.1.0.0
2025-07-12 16:37:13,536 [WARN] PackLoader:240 - Cannot read IP mode file for STMicroelectronics.X-CUBE-DPower.1.3.0
2025-07-12 16:37:13,548 [WARN] ConditionMgr:438 - getConditionDescription Invalid condition id : LAN8742 Phy interface Condition cause : null
2025-07-12 16:37:13,549 [WARN] PackLoader:240 - Cannot read IP mode file for STMicroelectronics.X-CUBE-AZRTOS-L4.2.0.0
2025-07-12 16:37:13,550 [WARN] ConditionMgr:1044 - genDependencies : Invalid condition id : LAN8742 Phy interface Condition cause : null
2025-07-12 16:37:13,550 [WARN] ConditionMgr:1044 - genDependencies : Invalid condition id : LAN8742 Phy interface Condition cause : null
2025-07-12 16:37:13,550 [WARN] ConditionMgr:1044 - genDependencies : Invalid condition id : LAN8742 Phy interface Condition cause : null
2025-07-12 16:37:13,556 [WARN] PackLoader:240 - Cannot read IP mode file for STMicroelectronics.X-CUBE-SFXS2LP1.4.0.0
2025-07-12 16:37:13,567 [WARN] PackLoader:240 - Cannot read IP mode file for STMicroelectronics.X-CUBE-AZRTOS-H7.3.3.0
2025-07-12 16:37:13,577 [WARN] ConditionMgr:438 - getConditionDescription Invalid condition id : UX DEVICE CLASS RTOS Condition cause : null
2025-07-12 16:37:13,578 [WARN] ConditionMgr:438 - getConditionDescription Invalid condition id : UX DEVICE CLASS RTOS Condition cause : null
2025-07-12 16:37:13,579 [WARN] PackLoader:240 - Cannot read IP mode file for STMicroelectronics.X-CUBE-AZRTOS-WB.2.0.0
2025-07-12 16:37:13,581 [WARN] ConditionMgr:1044 - genDependencies : Invalid condition id : UX DEVICE CLASS RTOS Condition cause : null
2025-07-12 16:37:13,581 [WARN] ConditionMgr:1044 - genDependencies : Invalid condition id : UX DEVICE CLASS RTOS Condition cause : null
2025-07-12 16:37:13,581 [WARN] ConditionMgr:1044 - genDependencies : Invalid condition id : UX DEVICE CLASS RTOS Condition cause : null
2025-07-12 16:37:13,581 [WARN] ConditionMgr:1044 - genDependencies : Invalid condition id : UX DEVICE CLASS RTOS Condition cause : null
2025-07-12 16:37:13,581 [WARN] ConditionMgr:1044 - genDependencies : Invalid condition id : UX DEVICE CLASS RTOS Condition cause : null
2025-07-12 16:37:13,584 [WARN] PackLoader:240 - Cannot read IP mode file for STMicroelectronics.X-CUBE-GNSS1.7.0.1
2025-07-12 16:37:13,589 [WARN] PackLoader:240 - Cannot read IP mode file for STMicroelectronics.X-CUBE-TOUCHGFX.4.25.0
2025-07-12 16:37:13,595 [WARN] PackLoader:240 - Cannot read IP mode file for STMicroelectronics.FP-SNS-STBOX1.2.0.0
2025-07-12 16:37:13,603 [WARN] PackLoader:240 - Cannot read IP mode file for STMicroelectronics.X-CUBE-SUBG2.5.0.0
2025-07-12 16:37:13,625 [WARN] PackLoader:240 - Cannot read IP mode file for STMicroelectronics.X-CUBE-AZRTOS-H7RS.1.1.0
2025-07-12 16:37:13,633 [WARN] PackLoader:240 - Cannot read IP mode file for Cesanta.I-CUBE-Mongoose.7.13.0
2025-07-12 16:37:13,641 [WARN] PackLoader:240 - Cannot read IP mode file for STMicroelectronics.X-CUBE-AZRTOS-G4.2.0.0
2025-07-12 16:37:13,646 [WARN] PackLoader:240 - Cannot read IP mode file for wolfSSL.I-CUBE-wolfSSH.1.4.20
2025-07-12 16:37:13,650 [WARN] PackLoader:240 - Cannot read IP mode file for STMicroelectronics.X-CUBE-NFC7.2.0.0
2025-07-12 16:37:13,658 [WARN] PackLoader:240 - Cannot read IP mode file for STMicroelectronics.X-CUBE-IPS.3.1.0
2025-07-12 16:37:13,665 [WARN] PackLoader:240 - Cannot read IP mode file for STMicroelectronics.X-CUBE-ALS.1.0.2
2025-07-12 16:37:13,669 [WARN] PackLoader:240 - Cannot read IP mode file for portGmbH.I-Cube-SoM-uGOAL.1.1.0
2025-07-12 16:37:13,679 [WARN] PackLoader:240 - Cannot read IP mode file for STMicroelectronics.X-CUBE-TOF1.3.4.3
2025-07-12 16:37:13,685 [INFO] ThirdParty:978 - Integrity check success = true
2025-07-12 16:37:13,685 [INFO] IntegrityCheckThread:100 - exiting critical section [integrity check]
2025-07-12 16:37:13,685 [INFO] IntegrityCheckThread:103 - End integrity checks thread
2025-07-12 17:51:30,424 [INFO] WebApp:194 - Connection lost
2025-07-12 17:51:31,821 [INFO] WebApp:191 - Connection restablished
2025-07-12 17:51:32,307 [INFO] WebApp:194 - Connection lost
2025-07-12 17:51:32,563 [INFO] WebApp:191 - Connection restablished
2025-07-12 21:09:17,648 [INFO] WebApp:194 - Connection lost
2025-07-12 21:09:17,988 [INFO] WebApp:191 - Connection restablished
